#
# A fatal error has been detected by the Java Runtime Environment:
#
#  SIGSEGV (0xb) at pc=0x0000000102738864, pid=14450, tid=19203
#
# JRE version: Java(TM) SE Runtime Environment (7.0_76-b13) (build 1.7.0_76-b13)
# Java VM: Java HotSpot(TM) 64-Bit Server VM (24.76-b04 mixed mode bsd-amd64 compressed oops)
# Problematic frame:
# V  [libjvm.dylib+0x338864]  jvmti_IsMethodSynthetic+0xb9
#
# Failed to write core dump. Core dumps have been disabled. To enable core dumping, try "ulimit -c unlimited" before starting Java again
#
# If you would like to submit a bug report, please visit:
#   http://bugreport.java.com/bugreport/crash.jsp
#

---------------  T H R E A D  ---------------

Current thread (0x00007f8e22003000):  JavaThread "JDWP Transport Listener: dt_socket" daemon [_thread_in_vm, id=19203, stack(0x0000700000f47000,0x0000700001047000)]

siginfo:si_signo=SIGSEGV: si_errno=0, si_code=0 (SEGV0), si_addr=0x0000000000000000

Registers:
RAX=0x0000000000000001, RBX=0x0000700001046a8b, RCX=0x00000000000fc080, RDX=0x0000700001046a8b
RSP=0x00007000010469f0, RBP=0x0000700001046a40, RSI=0x00007f8e22003000, RDI=0x00007f8e2141a970
R8 =0x0000000000000000, R9 =0x00007f8e21521630, R10=0x0000000037ea5c09, R11=0x00007f8e21500000
R12=0x00007f8e22003000, R13=0x0101010100000008, R14=0x0101010100000008, R15=0x00007f8e2141a970
RIP=0x0000000102738864, EFLAGS=0x0000000000010202, ERR=0x0000000000000000
  TRAPNO=0x000000000000000d

Top of Stack: (sp=0x00007000010469f0)
0x00007000010469f0:   00007f8e22003000 0000000000000000
0x0000700001046a00:   0000000000000000 0000000000000000
0x0000700001046a10:   00007f8e22003000 00007f8e22003000
0x0000700001046a20:   0000700001046a8b 0000700001046a90
0x0000700001046a30:   0101010100000008 0000000000000002
0x0000700001046a40:   0000700001046a60 000000010138f1a8
0x0000700001046a50:   0000000000000001 0000700001046b08
0x0000700001046a60:   0000700001046ad0 0000000101373fbb
0x0000700001046a70:   0000700001046aa0 00007f8e21522220
0x0000700001046a80:   0000000300000032 0000000a00046b08
0x0000700001046a90:   0000000000000000 0000000000000000
0x0000700001046aa0:   0000000000000000 0000700001046c90
0x0000700001046ab0:   0000000101396dc2 00007f8e2141ef30
0x0000700001046ac0:   0000700001046b08 00000001013a2588
0x0000700001046ad0:   0000700001046ae0 00000001013740b4
0x0000700001046ae0:   0000700001046d00 000000010137d642
0x0000700001046af0:   0000fdbc00000013 00000000000f0200
0x0000700001046b00:   00007f8e214349e0 0000700001046b9c
0x0000700001046b10:   00007f8e000000e8 0000700001046b20
0x0000700001046b20:   0000000000000044 0000700001046b58
0x0000700001046b30:   0000000000000000 0000000000000000
0x0000700001046b40:   0000fdbc0000000f 00007fff00008c80
0x0000700001046b50:   0000700001046b58 8e7f000003000000
0x0000700001046b60:   0600000070428122 00003e74696e693c
0x0000700001046b70:   0000005629280300 7f00000100000000
0x0000700001046b80:   000000a0e681228e 0000007473657404
0x0000700001046b90:   0000000056292803 000000000a000000
0x0000700001046ba0:   150000002d000000 3600000000000000
0x0000700001046bb0:   0000000016000000 1700000041000000
0x0000700001046bc0:   4900000000000000 322054531b000000
0x0000700001046bd0:   6f72203b5d363130 6f6320666f20746f
0x0000700001046be0:   696820747865746e 2f79686372617265 

Instructions: (pc=0x0000000102738864)
0x0000000102738844:   00 00 00 41 f6 87 68 01 00 00 10 75 07 b8 63 00
0x0000000102738854:   00 00 eb 7a 4d 85 f6 75 07 b8 17 00 00 00 eb 6e
0x0000000102738864:   4d 8b 36 48 b8 fe fe fe fe fe fe fe fe 49 39 c6
0x0000000102738874:   74 e7 4d 85 f6 74 e2 48 8d 05 8e 6b 4d 00 80 38 

Register to memory mapping:

RAX=0x0000000000000001 is an unknown value
RBX=0x0000700001046a8b is pointing into the stack for thread: 0x00007f8e22003000
RCX=0x00000000000fc080 is an unknown value
RDX=0x0000700001046a8b is pointing into the stack for thread: 0x00007f8e22003000
RSP=0x00007000010469f0 is pointing into the stack for thread: 0x00007f8e22003000
RBP=0x0000700001046a40 is pointing into the stack for thread: 0x00007f8e22003000
RSI=0x00007f8e22003000 is a thread
RDI=0x00007f8e2141a970 is an unknown value
R8 =0x0000000000000000 is an unknown value
R9 =0x00007f8e21521630 is an unknown value
R10=0x0000000037ea5c09 is an unknown value
R11=0x00007f8e21500000 is an unknown value
R12=0x00007f8e22003000 is a thread
R13=0x0101010100000008 is an unknown value
R14=0x0101010100000008 is an unknown value
R15=0x00007f8e2141a970 is an unknown value


Stack: [0x0000700000f47000,0x0000700001047000],  sp=0x00007000010469f0,  free space=1022k
Native frames: (J=compiled Java code, j=interpreted, Vv=VM code, C=native code)
V  [libjvm.dylib+0x338864]  jvmti_IsMethodSynthetic+0xb9
C  [libjdwp.dylib+0x201a8]  isMethodSynthetic+0x63
C  [libjdwp.dylib+0x4fbb]  methods1+0x10b
C  [libjdwp.dylib+0x50b4]  methodsWithGeneric+0xe
C  [libjdwp.dylib+0xe642]  debugLoop_run+0x1ce
C  [libjdwp.dylib+0x1f0e2]  attachThread+0x4d
V  [libjvm.dylib+0x3794ca]  JvmtiAgentThread::call_start_function()+0x38
V  [libjvm.dylib+0x4f75dd]  JavaThread::thread_main_inner()+0x9b
V  [libjvm.dylib+0x4f8ce5]  JavaThread::run()+0x1a3
V  [libjvm.dylib+0x421cbe]  java_start(Thread*)+0x126
C  [libsystem_pthread.dylib+0x399d]  _pthread_body+0x83
C  [libsystem_pthread.dylib+0x391a]  _pthread_body+0x0
C  [libsystem_pthread.dylib+0x1351]  thread_start+0xd


---------------  P R O C E S S  ---------------

Java Threads: ( => current thread )
  0x00007f8e25008800 JavaThread "Service Thread" daemon [_thread_blocked, id=21763, stack(0x0000700001456000,0x0000700001556000)]
  0x00007f8e25007800 JavaThread "C2 CompilerThread1" daemon [_thread_blocked, id=21251, stack(0x0000700001353000,0x0000700001453000)]
  0x00007f8e25006000 JavaThread "C2 CompilerThread0" daemon [_thread_blocked, id=20739, stack(0x0000700001250000,0x0000700001350000)]
  0x00007f8e25807000 JavaThread "JDWP Command Reader" daemon [_thread_in_native, id=20227, stack(0x000070000114d000,0x000070000124d000)]
  0x00007f8e22020800 JavaThread "JDWP Event Helper Thread" daemon [_thread_blocked, id=19715, stack(0x000070000104a000,0x000070000114a000)]
=>0x00007f8e22003000 JavaThread "JDWP Transport Listener: dt_socket" daemon [_thread_in_vm, id=19203, stack(0x0000700000f47000,0x0000700001047000)]
  0x00007f8e25005000 JavaThread "Signal Dispatcher" daemon [_thread_blocked, id=15119, stack(0x0000700000e44000,0x0000700000f44000)]
  0x00007f8e23004000 JavaThread "Finalizer" daemon [_thread_blocked, id=14339, stack(0x0000700000c3b000,0x0000700000d3b000)]
  0x00007f8e24003000 JavaThread "Reference Handler" daemon [_thread_blocked, id=13827, stack(0x0000700000b38000,0x0000700000c38000)]
  0x00007f8e23801800 JavaThread "main" [_thread_blocked, id=5891, stack(0x000070000011a000,0x000070000021a000)]

Other Threads:
  0x00007f8e25004800 VMThread [stack: 0x0000700000a35000,0x0000700000b35000] [id=13315]
  0x00007f8e25810000 WatcherThread [stack: 0x0000700001559000,0x0000700001659000] [id=22275]

VM state:not at safepoint (normal execution)

VM Mutex/Monitor currently owned by a thread: None

Heap
 PSYoungGen      total 76800K, used 22484K [0x00000007aaa80000, 0x00000007b0000000, 0x0000000800000000)
  eden space 66048K, 34% used [0x00000007aaa80000,0x00000007ac0750a8,0x00000007aeb00000)
  from space 10752K, 0% used [0x00000007af580000,0x00000007af580000,0x00000007b0000000)
  to   space 10752K, 0% used [0x00000007aeb00000,0x00000007aeb00000,0x00000007af580000)
 ParOldGen       total 174592K, used 0K [0x0000000700000000, 0x000000070aa80000, 0x00000007aaa80000)
  object space 174592K, 0% used [0x0000000700000000,0x0000000700000000,0x000000070aa80000)
 PSPermGen       total 21504K, used 10033K [0x00000006fae00000, 0x00000006fc300000, 0x0000000700000000)
  object space 21504K, 46% used [0x00000006fae00000,0x00000006fb7cc4c0,0x00000006fc300000)

Card table byte_map: [0x0000000105f23000,0x000000010674d000] byte_map_base: 0x000000010274c000

Polling page: 0x000000010136e000

Code Cache  [0x0000000102e63000, 0x00000001030d3000, 0x0000000105e63000)
 total_blobs=305 nmethods=56 adapters=212 free_code_cache=48534Kb largest_free_block=49676224

Compilation events (10 events):
Event: 0.593 Thread 0x00007f8e25006000 nmethod 53 0x0000000102ee9790 code [0x0000000102ee99c0, 0x0000000102eea438]
Event: 0.593 Thread 0x00007f8e25006000   54   !         java.util.zip.ZipFile::getEntry (86 bytes)
Event: 0.601 Thread 0x00007f8e25006000 nmethod 54 0x0000000102eeb4d0 code [0x0000000102eeb6e0, 0x0000000102eebfa8]
Event: 0.601 Thread 0x00007f8e25006000   55             java.util.jar.JarFile::getJarEntry (9 bytes)
Event: 0.601 Thread 0x00007f8e25006000 nmethod 55 0x0000000102ef8190 code [0x0000000102ef82e0, 0x0000000102ef83c8]
Event: 0.601 Thread 0x00007f8e25006000   56   !         sun.misc.URLClassPath$JarLoader::ensureOpen (32 bytes)
Event: 0.602 Thread 0x00007f8e25007800 nmethod 45 0x0000000102efc8d0 code [0x0000000102efce60, 0x0000000102eff318]
Event: 0.602 Thread 0x00007f8e25007800   57             java.lang.String::<init> (67 bytes)
Event: 0.604 Thread 0x00007f8e25006000 nmethod 56 0x0000000102ee9250 code [0x0000000102ee93c0, 0x0000000102ee95b8]
Event: 0.605 Thread 0x00007f8e25007800 nmethod 57 0x0000000102ef7ad0 code [0x0000000102ef7c20, 0x0000000102ef7f58]

GC Heap History (0 events):
No events

Deoptimization events (0 events):
No events

Internal exceptions (10 events):
Event: 0.614 Thread 0x00007f8e23801800 Threw 0x00000007ac00f8e8 at /HUDSON/workspace/7u-2-build-macosx-x86_64/jdk7u76/1941/hotspot/src/share/vm/prims/jvm.cpp:1304
Event: 0.615 Thread 0x00007f8e23801800 Threw 0x00000007ac01b950 at /HUDSON/workspace/7u-2-build-macosx-x86_64/jdk7u76/1941/hotspot/src/share/vm/prims/jvm.cpp:1304
Event: 0.616 Thread 0x00007f8e23801800 Threw 0x00000007ac0226b0 at /HUDSON/workspace/7u-2-build-macosx-x86_64/jdk7u76/1941/hotspot/src/share/vm/prims/jvm.cpp:1304
Event: 0.617 Thread 0x00007f8e23801800 Threw 0x00000007ac033b90 at /HUDSON/workspace/7u-2-build-macosx-x86_64/jdk7u76/1941/hotspot/src/share/vm/prims/jvm.cpp:1304
Event: 0.617 Thread 0x00007f8e23801800 Threw 0x00000007ac0395e8 at /HUDSON/workspace/7u-2-build-macosx-x86_64/jdk7u76/1941/hotspot/src/share/vm/prims/jvm.cpp:1304
Event: 0.618 Thread 0x00007f8e23801800 Threw 0x00000007ac049178 at /HUDSON/workspace/7u-2-build-macosx-x86_64/jdk7u76/1941/hotspot/src/share/vm/prims/jvm.cpp:1304
Event: 0.619 Thread 0x00007f8e23801800 Threw 0x00000007ac0519f8 at /HUDSON/workspace/7u-2-build-macosx-x86_64/jdk7u76/1941/hotspot/src/share/vm/prims/jvm.cpp:1304
Event: 0.619 Thread 0x00007f8e23801800 Threw 0x00000007ac05d778 at /HUDSON/workspace/7u-2-build-macosx-x86_64/jdk7u76/1941/hotspot/src/share/vm/prims/jvm.cpp:1304
Event: 0.620 Thread 0x00007f8e23801800 Threw 0x00000007ac063b30 at /HUDSON/workspace/7u-2-build-macosx-x86_64/jdk7u76/1941/hotspot/src/share/vm/prims/jvm.cpp:1304
Event: 0.621 Thread 0x00007f8e23801800 Threw 0x00000007ac06bc68 at /HUDSON/workspace/7u-2-build-macosx-x86_64/jdk7u76/1941/hotspot/src/share/vm/prims/jvm.cpp:1304

Events (10 events):
Event: 166.193 Executing VM operation: ChangeBreakpoints
Event: 166.193 Executing VM operation: ChangeBreakpoints done
Event: 175.149 Executing VM operation: ChangeBreakpoints
Event: 175.149 Executing VM operation: ChangeBreakpoints done
Event: 175.149 Executing VM operation: ChangeBreakpoints
Event: 175.149 Executing VM operation: ChangeBreakpoints done
Event: 175.149 Executing VM operation: ChangeBreakpoints
Event: 175.149 Executing VM operation: ChangeBreakpoints done
Event: 175.150 Executing VM operation: RedefineClasses
Event: 175.151 Executing VM operation: RedefineClasses done


Dynamic libraries:
0x00000000087c7000 	/System/Library/Frameworks/Cocoa.framework/Versions/A/Cocoa
0x00000000087c7000 	/System/Library/Frameworks/Security.framework/Versions/A/Security
0x00000000087c7000 	/System/Library/Frameworks/ApplicationServices.framework/Versions/A/ApplicationServices
0x00000000087c7000 	/usr/lib/libz.1.dylib
0x00000000087c7000 	/usr/lib/libSystem.B.dylib
0x00000000087c7000 	/usr/lib/libobjc.A.dylib
0x00000000087c7000 	/System/Library/Frameworks/CoreFoundation.framework/Versions/A/CoreFoundation
0x00000000087c7000 	/System/Library/Frameworks/Foundation.framework/Versions/C/Foundation
0x00000000087c7000 	/System/Library/Frameworks/AppKit.framework/Versions/C/AppKit
0x00000000087c7000 	/System/Library/Frameworks/CoreData.framework/Versions/A/CoreData
0x00000000087c7000 	/System/Library/PrivateFrameworks/RemoteViewServices.framework/Versions/A/RemoteViewServices
0x00000000087c7000 	/System/Library/PrivateFrameworks/UIFoundation.framework/Versions/A/UIFoundation
0x00000000087c7000 	/usr/lib/libScreenReader.dylib
0x00000000087c7000 	/System/Library/Frameworks/Accelerate.framework/Versions/A/Accelerate
0x00000000087c7000 	/System/Library/Frameworks/IOSurface.framework/Versions/A/IOSurface
0x00000000087c7000 	/System/Library/Frameworks/AudioToolbox.framework/Versions/A/AudioToolbox
0x00000000087c7000 	/System/Library/Frameworks/AudioUnit.framework/Versions/A/AudioUnit
0x00000000087c7000 	/System/Library/PrivateFrameworks/DataDetectorsCore.framework/Versions/A/DataDetectorsCore
0x00000000087c7000 	/System/Library/PrivateFrameworks/DesktopServicesPriv.framework/Versions/A/DesktopServicesPriv
0x00000000087c7000 	/System/Library/Frameworks/Carbon.framework/Versions/A/Frameworks/HIToolbox.framework/Versions/A/HIToolbox
0x00000000087c7000 	/System/Library/Frameworks/QuartzCore.framework/Versions/A/QuartzCore
0x00000000087c7000 	/System/Library/Frameworks/Carbon.framework/Versions/A/Frameworks/SpeechRecognition.framework/Versions/A/SpeechRecognition
0x00000000087c7000 	/usr/lib/libauto.dylib
0x00000000087c7000 	/usr/lib/libicucore.A.dylib
0x00000000087c7000 	/usr/lib/libxml2.2.dylib
0x00000000087c7000 	/System/Library/PrivateFrameworks/CoreUI.framework/Versions/A/CoreUI
0x00000000087c7000 	/System/Library/Frameworks/CoreAudio.framework/Versions/A/CoreAudio
0x00000000087c7000 	/System/Library/Frameworks/DiskArbitration.framework/Versions/A/DiskArbitration
0x00000000087c7000 	/usr/lib/liblangid.dylib
0x00000000087c7000 	/System/Library/PrivateFrameworks/MultitouchSupport.framework/Versions/A/MultitouchSupport
0x00000000087c7000 	/System/Library/Frameworks/IOKit.framework/Versions/A/IOKit
0x00000000087c7000 	/usr/lib/libDiagnosticMessagesClient.dylib
0x00000000087c7000 	/System/Library/Frameworks/CoreServices.framework/Versions/A/CoreServices
0x00000000087c7000 	/System/Library/PrivateFrameworks/PerformanceAnalysis.framework/Versions/A/PerformanceAnalysis
0x00000000087c7000 	/System/Library/PrivateFrameworks/GenerationalStorage.framework/Versions/A/GenerationalStorage
0x00000000087c7000 	/System/Library/Frameworks/OpenGL.framework/Versions/A/OpenGL
0x00000000087c7000 	/System/Library/PrivateFrameworks/Sharing.framework/Versions/A/Sharing
0x00000000087c7000 	/System/Library/Frameworks/CoreGraphics.framework/Versions/A/CoreGraphics
0x00000000087c7000 	/System/Library/Frameworks/CoreImage.framework/Versions/A/CoreImage
0x00000000087c7000 	/System/Library/Frameworks/CoreText.framework/Versions/A/CoreText
0x00000000087c7000 	/System/Library/Frameworks/ImageIO.framework/Versions/A/ImageIO
0x00000000087c7000 	/System/Library/PrivateFrameworks/Backup.framework/Versions/A/Backup
0x00000000087c7000 	/usr/lib/libextension.dylib
0x00000000087c7000 	/usr/lib/libarchive.2.dylib
0x00000000087c7000 	/System/Library/Frameworks/CFNetwork.framework/Versions/A/CFNetwork
0x00000000087c7000 	/System/Library/Frameworks/SystemConfiguration.framework/Versions/A/SystemConfiguration
0x00000000087c7000 	/usr/lib/libCRFSuite.dylib
0x00000000087c7000 	/usr/lib/libc++.1.dylib
0x00000000087c7000 	/usr/lib/libc++abi.dylib
0x00000000087c7000 	/usr/lib/system/libcache.dylib
0x00000000087c7000 	/usr/lib/system/libcommonCrypto.dylib
0x00000000087c7000 	/usr/lib/system/libcompiler_rt.dylib
0x00000000087c7000 	/usr/lib/system/libcopyfile.dylib
0x00000000087c7000 	/usr/lib/system/libcorecrypto.dylib
0x00000000087c7000 	/usr/lib/system/libdispatch.dylib
0x00000000087c7000 	/usr/lib/system/libdyld.dylib
0x00000000087c7000 	/usr/lib/system/libkeymgr.dylib
0x00000000087c7000 	/usr/lib/system/liblaunch.dylib
0x00000000087c7000 	/usr/lib/system/libmacho.dylib
0x00000000087c7000 	/usr/lib/system/libquarantine.dylib
0x00000000087c7000 	/usr/lib/system/libremovefile.dylib
0x00000000087c7000 	/usr/lib/system/libsystem_asl.dylib
0x00000000087c7000 	/usr/lib/system/libsystem_blocks.dylib
0x00000000087c7000 	/usr/lib/system/libsystem_c.dylib
0x00000000087c7000 	/usr/lib/system/libsystem_configuration.dylib
0x00000000087c7000 	/usr/lib/system/libsystem_coreservices.dylib
0x00000000087c7000 	/usr/lib/system/libsystem_coretls.dylib
0x00000000087c7000 	/usr/lib/system/libsystem_dnssd.dylib
0x00000000087c7000 	/usr/lib/system/libsystem_info.dylib
0x00000000087c7000 	/usr/lib/system/libsystem_kernel.dylib
0x00000000087c7000 	/usr/lib/system/libsystem_m.dylib
0x00000000087c7000 	/usr/lib/system/libsystem_malloc.dylib
0x00000000087c7000 	/usr/lib/system/libsystem_network.dylib
0x00000000087c7000 	/usr/lib/system/libsystem_networkextension.dylib
0x00000000087c7000 	/usr/lib/system/libsystem_notify.dylib
0x00000000087c7000 	/usr/lib/system/libsystem_platform.dylib
0x00000000087c7000 	/usr/lib/system/libsystem_pthread.dylib
0x00000000087c7000 	/usr/lib/system/libsystem_sandbox.dylib
0x00000000087c7000 	/usr/lib/system/libsystem_secinit.dylib
0x00000000087c7000 	/usr/lib/system/libsystem_trace.dylib
0x00000000087c7000 	/usr/lib/system/libunc.dylib
0x00000000087c7000 	/usr/lib/system/libunwind.dylib
0x00000000087c7000 	/usr/lib/system/libxpc.dylib
0x00000000087c7000 	/usr/lib/libenergytrace.dylib
0x00000000087c7000 	/usr/lib/libbsm.0.dylib
0x00000000087c7000 	/usr/lib/system/libkxld.dylib
0x00000000087c7000 	/usr/lib/libxar.1.dylib
0x00000000087c7000 	/usr/lib/libsqlite3.dylib
0x00000000087c7000 	/usr/lib/libpam.2.dylib
0x00000000087c7000 	/usr/lib/libOpenScriptingUtil.dylib
0x00000000087c7000 	/usr/lib/libbz2.1.0.dylib
0x00000000087c7000 	/usr/lib/liblzma.5.dylib
0x00000000087c7000 	/System/Library/Frameworks/CoreServices.framework/Versions/A/Frameworks/FSEvents.framework/Versions/A/FSEvents
0x00000000087c7000 	/System/Library/Frameworks/CoreServices.framework/Versions/A/Frameworks/CarbonCore.framework/Versions/A/CarbonCore
0x00000000087c7000 	/System/Library/Frameworks/CoreServices.framework/Versions/A/Frameworks/Metadata.framework/Versions/A/Metadata
0x00000000087c7000 	/System/Library/Frameworks/CoreServices.framework/Versions/A/Frameworks/OSServices.framework/Versions/A/OSServices
0x00000000087c7000 	/System/Library/Frameworks/CoreServices.framework/Versions/A/Frameworks/SearchKit.framework/Versions/A/SearchKit
0x00000000087c7000 	/System/Library/Frameworks/CoreServices.framework/Versions/A/Frameworks/AE.framework/Versions/A/AE
0x00000000087c7000 	/System/Library/Frameworks/CoreServices.framework/Versions/A/Frameworks/LaunchServices.framework/Versions/A/LaunchServices
0x00000000087c7000 	/System/Library/Frameworks/CoreServices.framework/Versions/A/Frameworks/DictionaryServices.framework/Versions/A/DictionaryServices
0x00000000087c7000 	/System/Library/Frameworks/CoreServices.framework/Versions/A/Frameworks/SharedFileList.framework/Versions/A/SharedFileList
0x00000000087c7000 	/System/Library/Frameworks/NetFS.framework/Versions/A/NetFS
0x00000000087c7000 	/System/Library/PrivateFrameworks/NetAuth.framework/Versions/A/NetAuth
0x00000000087c7000 	/System/Library/PrivateFrameworks/login.framework/Versions/A/Frameworks/loginsupport.framework/Versions/A/loginsupport
0x00000000087c7000 	/System/Library/PrivateFrameworks/TCC.framework/Versions/A/TCC
0x00000000087c7000 	/usr/lib/libmecabra.dylib
0x00000000087c7000 	/System/Library/Frameworks/ApplicationServices.framework/Versions/A/Frameworks/ATS.framework/Versions/A/ATS
0x00000000087c7000 	/System/Library/Frameworks/ApplicationServices.framework/Versions/A/Frameworks/ColorSync.framework/Versions/A/ColorSync
0x00000000087c7000 	/System/Library/Frameworks/ApplicationServices.framework/Versions/A/Frameworks/HIServices.framework/Versions/A/HIServices
0x00000000087c7000 	/System/Library/Frameworks/ApplicationServices.framework/Versions/A/Frameworks/LangAnalysis.framework/Versions/A/LangAnalysis
0x00000000087c7000 	/System/Library/Frameworks/ApplicationServices.framework/Versions/A/Frameworks/PrintCore.framework/Versions/A/PrintCore
0x00000000087c7000 	/System/Library/Frameworks/ApplicationServices.framework/Versions/A/Frameworks/QD.framework/Versions/A/QD
0x00000000087c7000 	/System/Library/Frameworks/ApplicationServices.framework/Versions/A/Frameworks/SpeechSynthesis.framework/Versions/A/SpeechSynthesis
0x00000000087c7000 	/System/Library/Frameworks/Metal.framework/Versions/A/Metal
0x00000000087c7000 	/System/Library/Frameworks/Accelerate.framework/Versions/A/Frameworks/vImage.framework/Versions/A/vImage
0x00000000087c7000 	/System/Library/Frameworks/Accelerate.framework/Versions/A/Frameworks/vecLib.framework/Versions/A/vecLib
0x00000000087c7000 	/System/Library/Frameworks/Accelerate.framework/Versions/A/Frameworks/vecLib.framework/Versions/A/libvDSP.dylib
0x00000000087c7000 	/System/Library/Frameworks/Accelerate.framework/Versions/A/Frameworks/vecLib.framework/Versions/A/libvMisc.dylib
0x00000000087c7000 	/System/Library/Frameworks/Accelerate.framework/Versions/A/Frameworks/vecLib.framework/Versions/A/libLAPACK.dylib
0x00000000087c7000 	/System/Library/Frameworks/Accelerate.framework/Versions/A/Frameworks/vecLib.framework/Versions/A/libBLAS.dylib
0x00000000087c7000 	/System/Library/Frameworks/Accelerate.framework/Versions/A/Frameworks/vecLib.framework/Versions/A/libLinearAlgebra.dylib
0x00000000087c7000 	/System/Library/Frameworks/Accelerate.framework/Versions/A/Frameworks/vecLib.framework/Versions/A/libSparseBLAS.dylib
0x00000000087c7000 	/System/Library/PrivateFrameworks/GPUCompiler.framework/libmetal_timestamp.dylib
0x00000000087c7000 	/System/Library/Frameworks/OpenGL.framework/Versions/A/Libraries/libCoreFSCache.dylib
0x00000000087c7000 	/System/Library/PrivateFrameworks/IOAccelerator.framework/Versions/A/IOAccelerator
0x00000000087c7000 	/System/Library/Frameworks/ApplicationServices.framework/Versions/A/Frameworks/ATS.framework/Versions/A/Resources/libFontParser.dylib
0x00000000087c7000 	/System/Library/Frameworks/ApplicationServices.framework/Versions/A/Frameworks/ATS.framework/Versions/A/Resources/libFontRegistry.dylib
0x00000000087c7000 	/System/Library/PrivateFrameworks/AppleVPA.framework/Versions/A/AppleVPA
0x00000000087c7000 	/System/Library/PrivateFrameworks/AppleJPEG.framework/Versions/A/AppleJPEG
0x00000000087c7000 	/System/Library/Frameworks/ImageIO.framework/Versions/A/Resources/libJPEG.dylib
0x00000000087c7000 	/System/Library/Frameworks/ImageIO.framework/Versions/A/Resources/libTIFF.dylib
0x00000000087c7000 	/System/Library/Frameworks/ImageIO.framework/Versions/A/Resources/libPng.dylib
0x00000000087c7000 	/System/Library/Frameworks/ImageIO.framework/Versions/A/Resources/libGIF.dylib
0x00000000087c7000 	/System/Library/Frameworks/ImageIO.framework/Versions/A/Resources/libJP2.dylib
0x00000000087c7000 	/System/Library/Frameworks/ImageIO.framework/Versions/A/Resources/libRadiance.dylib
0x00000000087c7000 	/System/Library/Frameworks/CoreVideo.framework/Versions/A/CoreVideo
0x00000000087c7000 	/System/Library/Frameworks/OpenGL.framework/Versions/A/Libraries/libGLU.dylib
0x00000000087c7000 	/System/Library/Frameworks/OpenGL.framework/Versions/A/Libraries/libGFXShared.dylib
0x00000000087c7000 	/System/Library/Frameworks/OpenGL.framework/Versions/A/Libraries/libGL.dylib
0x00000000087c7000 	/System/Library/Frameworks/OpenGL.framework/Versions/A/Libraries/libGLImage.dylib
0x00000000087c7000 	/System/Library/Frameworks/OpenGL.framework/Versions/A/Libraries/libCVMSPluginSupport.dylib
0x00000000087c7000 	/System/Library/Frameworks/OpenGL.framework/Versions/A/Libraries/libCoreVMClient.dylib
0x00000000087c7000 	/usr/lib/libcompression.dylib
0x00000000087c7000 	/usr/lib/libcups.2.dylib
0x00000000087c7000 	/System/Library/Frameworks/Kerberos.framework/Versions/A/Kerberos
0x00000000087c7000 	/System/Library/Frameworks/GSS.framework/Versions/A/GSS
0x00000000087c7000 	/usr/lib/libresolv.9.dylib
0x00000000087c7000 	/usr/lib/libiconv.2.dylib
0x00000000087c7000 	/System/Library/PrivateFrameworks/Heimdal.framework/Versions/A/Heimdal
0x00000000087c7000 	/usr/lib/libheimdal-asn1.dylib
0x00000000087c7000 	/System/Library/Frameworks/OpenDirectory.framework/Versions/A/OpenDirectory
0x00000000087c7000 	/System/Library/PrivateFrameworks/CommonAuth.framework/Versions/A/CommonAuth
0x00000000087c7000 	/System/Library/Frameworks/OpenDirectory.framework/Versions/A/Frameworks/CFOpenDirectory.framework/Versions/A/CFOpenDirectory
0x00000000087c7000 	/System/Library/Frameworks/SecurityFoundation.framework/Versions/A/SecurityFoundation
0x00000000087c7000 	/System/Library/PrivateFrameworks/LanguageModeling.framework/Versions/A/LanguageModeling
0x00000000087c7000 	/usr/lib/libmarisa.dylib
0x00000000087c7000 	/usr/lib/libChineseTokenizer.dylib
0x00000000087c7000 	/usr/lib/libcmph.dylib
0x00000000087c7000 	/System/Library/Frameworks/ServiceManagement.framework/Versions/A/ServiceManagement
0x00000000087c7000 	/usr/lib/libxslt.1.dylib
0x00000000087c7000 	/System/Library/Frameworks/Carbon.framework/Versions/A/Frameworks/Ink.framework/Versions/A/Ink
0x00000000087c7000 	/usr/lib/libFosl_dynamic.dylib
0x00000000087c7000 	/System/Library/PrivateFrameworks/FaceCore.framework/Versions/A/FaceCore
0x00000000087c7000 	/System/Library/Frameworks/OpenCL.framework/Versions/A/OpenCL
0x00000000087c7000 	/System/Library/PrivateFrameworks/CrashReporterSupport.framework/Versions/A/CrashReporterSupport
0x00000000087c7000 	/System/Library/PrivateFrameworks/IconServices.framework/Versions/A/IconServices
0x00000000087c7000 	/System/Library/PrivateFrameworks/Apple80211.framework/Versions/A/Apple80211
0x00000000087c7000 	/System/Library/Frameworks/CoreWLAN.framework/Versions/A/CoreWLAN
0x00000000087c7000 	/System/Library/Frameworks/IOBluetooth.framework/Versions/A/IOBluetooth
0x00000000087c7000 	/System/Library/PrivateFrameworks/CoreWiFi.framework/Versions/A/CoreWiFi
0x00000000087c7000 	/System/Library/Frameworks/CoreBluetooth.framework/Versions/A/CoreBluetooth
0x00000000087c7000 	/System/Library/PrivateFrameworks/ChunkingLibrary.framework/Versions/A/ChunkingLibrary
0x00000000087c7000 	/System/Library/PrivateFrameworks/DebugSymbols.framework/Versions/A/DebugSymbols
0x00000000087c7000 	/System/Library/PrivateFrameworks/CoreSymbolication.framework/Versions/A/CoreSymbolication
0x00000000087c7000 	/System/Library/PrivateFrameworks/Symbolication.framework/Versions/A/Symbolication
0x00000000087c7000 	/System/Library/PrivateFrameworks/SpeechRecognitionCore.framework/Versions/A/SpeechRecognitionCore
0x00000001012e9000 	/System/Library/CoreServices/Encodings/libSimplifiedChineseConverter.dylib
0x0000000102400000 	/Library/Java/JavaVirtualMachines/jdk1.7.0_76.jdk/Contents/Home/jre/lib/server/libjvm.dylib
0x00000000087c7000 	/usr/lib/libstdc++.6.dylib
0x0000000101331000 	/Library/Java/JavaVirtualMachines/jdk1.7.0_76.jdk/Contents/Home/jre/lib/libverify.dylib
0x000000010133e000 	/Library/Java/JavaVirtualMachines/jdk1.7.0_76.jdk/Contents/Home/jre/lib/libjava.dylib
0x000000010136f000 	/Library/Java/JavaVirtualMachines/jdk1.7.0_76.jdk/Contents/Home/jre/lib/libjdwp.dylib
0x00000001013ac000 	/Library/Java/JavaVirtualMachines/jdk1.7.0_76.jdk/Contents/Home/jre/lib/libnpt.dylib
0x00000001013b9000 	/Library/Java/JavaVirtualMachines/jdk1.7.0_76.jdk/Contents/Home/jre/lib/libzip.dylib
0x00000001116e7000 	/System/Library/Frameworks/JavaVM.framework/Frameworks/JavaRuntimeSupport.framework/JavaRuntimeSupport
0x0000000111702000 	/System/Library/Frameworks/JavaVM.framework/Versions/A/Frameworks/JavaNativeFoundation.framework/Versions/A/JavaNativeFoundation
0x00000001013ec000 	/System/Library/Frameworks/JavaVM.framework/Versions/A/JavaVM
0x00000000087c7000 	/System/Library/Frameworks/Carbon.framework/Versions/A/Carbon
0x0000000111717000 	/System/Library/PrivateFrameworks/JavaLaunching.framework/Versions/A/JavaLaunching
0x00000000087c7000 	/System/Library/Frameworks/Carbon.framework/Versions/A/Frameworks/CommonPanels.framework/Versions/A/CommonPanels
0x00000000087c7000 	/System/Library/Frameworks/Carbon.framework/Versions/A/Frameworks/Help.framework/Versions/A/Help
0x00000000087c7000 	/System/Library/Frameworks/Carbon.framework/Versions/A/Frameworks/ImageCapture.framework/Versions/A/ImageCapture
0x00000000087c7000 	/System/Library/Frameworks/Carbon.framework/Versions/A/Frameworks/OpenScripting.framework/Versions/A/OpenScripting
0x00000000087c7000 	/System/Library/Frameworks/Carbon.framework/Versions/A/Frameworks/Print.framework/Versions/A/Print
0x00000000087c7000 	/System/Library/Frameworks/Carbon.framework/Versions/A/Frameworks/SecurityHI.framework/Versions/A/SecurityHI
0x0000000113036000 	/Library/Java/JavaVirtualMachines/jdk1.7.0_76.jdk/Contents/Home/jre/lib/libdt_socket.dylib
0x0000000113342000 	/Library/Java/JavaVirtualMachines/jdk1.7.0_76.jdk/Contents/Home/jre/lib/libnio.dylib
0x0000000113351000 	/Library/Java/JavaVirtualMachines/jdk1.7.0_76.jdk/Contents/Home/jre/lib/./libnet.dylib

VM Arguments:
jvm_args: -agentlib:jdwp=transport=dt_socket,address=127.0.0.1:51936,suspend=y,server=n -Dfile.encoding=UTF-8 
java_command: IOCStudy.IOC_Spring
Launcher Type: SUN_STANDARD

Environment Variables:
PATH=/Users/liu/apache-maven/apache-maven-3.3.9/bin:/usr/local/bin:/usr/bin:/bin:/usr/sbin:/sbin
SHELL=/bin/zsh

Signal Handlers:
SIGSEGV: [libjvm.dylib+0x52db31], sa_mask[0]=0xfffefeff, sa_flags=0x00000043
SIGBUS: [libjvm.dylib+0x52db31], sa_mask[0]=0xfffefeff, sa_flags=0x00000042
SIGFPE: [libjvm.dylib+0x41f3be], sa_mask[0]=0xfffefeff, sa_flags=0x00000042
SIGPIPE: [libjvm.dylib+0x41f3be], sa_mask[0]=0xfffefeff, sa_flags=0x00000042
SIGXFSZ: [libjvm.dylib+0x41f3be], sa_mask[0]=0xfffefeff, sa_flags=0x00000042
SIGILL: [libjvm.dylib+0x41f3be], sa_mask[0]=0xfffefeff, sa_flags=0x00000042
SIGUSR1: SIG_DFL, sa_mask[0]=0x00000000, sa_flags=0x00000000
SIGUSR2: [libjvm.dylib+0x41eeb0], sa_mask[0]=0x00000004, sa_flags=0x00000042
SIGHUP: [libjvm.dylib+0x41d141], sa_mask[0]=0xfffefeff, sa_flags=0x00000042
SIGINT: [libjvm.dylib+0x41d141], sa_mask[0]=0xfffefeff, sa_flags=0x00000042
SIGTERM: [libjvm.dylib+0x41d141], sa_mask[0]=0xfffefeff, sa_flags=0x00000042
SIGQUIT: [libjvm.dylib+0x41d141], sa_mask[0]=0xfffefeff, sa_flags=0x00000042


---------------  S Y S T E M  ---------------

OS:Bsduname:Darwin 15.6.0 Darwin Kernel Version 15.6.0: Thu Jun 23 18:25:34 PDT 2016; root:xnu-3248.60.10~1/RELEASE_X86_64 x86_64
rlimit: STACK 8192k, CORE 0k, NPROC 709, NOFILE 10240, AS infinity
load average:2.20 2.16 2.10

CPU:total 8 (4 cores per cpu, 2 threads per core) family 6 model 70 stepping 1, cmov, cx8, fxsr, mmx, sse, sse2, sse3, ssse3, sse4.1, sse4.2, popcnt, avx, avx2, aes, erms, ht, tsc, tscinvbit

Memory: 4k page, physical 16777216k(4194304k free)

/proc/meminfo:


vm_info: Java HotSpot(TM) 64-Bit Server VM (24.76-b04) for bsd-amd64 JRE (1.7.0_76-b13), built on Dec 18 2014 16:27:39 by "java_re" with gcc 4.2.1 (Based on Apple Inc. build 5658) (LLVM build 2336.11.00)

time: Sat Dec 24 18:10:24 2016
elapsed time: 175 seconds

